0 info it worked if it ends with ok
<<<<<<< HEAD
1 verbose cli [ 'node', '/usr/local/bin/npm', 'start' ]
2 info using npm@1.4.14
3 info using node@v0.10.29
4 error Error: ENOENT, open '/Users/adriangreen/myrepo/AdrianAwesome/ghost/package.json'
5 error If you need help, you may report this *entire* log,
5 error including the npm and node versions, at:
5 error     <http://github.com/npm/npm/issues>
6 error System Darwin 13.3.0
7 error command "node" "/usr/local/bin/npm" "start"
8 error cwd /Users/adriangreen/myrepo/AdrianAwesome/ghost
9 error node -v v0.10.29
10 error npm -v 1.4.14
11 error path /Users/adriangreen/myrepo/AdrianAwesome/ghost/package.json
12 error code ENOENT
13 error errno 34
14 verbose exit [ 34, true ]
=======
1 verbose cli [ '/usr/bin/node', '/usr/bin/npm', 'start' ]
2 info using npm@1.4.21
3 info using node@v0.10.30
4 verbose node symlink /usr/bin/node
5 error Error: ENOENT, open '/home/ubuntu/myrepo/AdrianAwesome/ghost/package.json'
6 error If you need help, you may report this *entire* log,
6 error including the npm and node versions, at:
6 error     <http://github.com/npm/npm/issues>
7 error System Linux 3.2.0-40-virtual
8 error command "/usr/bin/node" "/usr/bin/npm" "start"
9 error cwd /home/ubuntu/myrepo/AdrianAwesome/ghost
10 error node -v v0.10.30
11 error npm -v 1.4.21
12 error path /home/ubuntu/myrepo/AdrianAwesome/ghost/package.json
13 error code ENOENT
14 error errno 34
15 verbose exit [ 34, true ]
>>>>>>> 934ac8065d080dd59785a8bc2a4b135fca370a88
